<?xml version="1.0" encoding="UTF-8"?>
<!-- Generated by org.testng.reporters.JUnitReportReporter -->
<testsuite hostname="LP-HYD-85009887" failures="0" tests="1" name="com.hollandandbarrett.TestCases.ExecuteLoginPageHollandAndBarrett" time="11.876" errors="0" timestamp="2026-06-20T08:28:09 IST" skipped="0">
  <testcase classname="com.hollandandbarrett.TestCases.ExecuteLoginPageHollandAndBarrett" name="validateUserExecution" time="11.876"/>
</testsuite> <!-- com.hollandandbarrett.TestCases.ExecuteLoginPageHollandAndBarrett -->
